Connected to the database.
Table 'multithreaded_static_info' created successfully or already exists.
Number of available CPU cores: 32
Task 2668 completed successfully
Task 2661 completed successfully
Task 2660 completed successfully
Task 2663 completed successfully
Task 2667 completed successfully
Task 2669 completed successfully
Task 2662 completed successfully
Task 2670 completed successfully
Task 2671 completed successfully
Task 2672 completed successfully
Task 2674 completed successfully
Task 2675 completed successfully
Task 2673 completed successfully
Task 2676 completed successfully
Task 2677 completed successfully
Task 2679 completed successfully
Task 2678 completed successfully
Task 2790 completed successfully
Task 2682 completed successfully
Task 2789 completed successfully
Task 2681 completed successfully
Task 2816 completed successfully
Task 2683 completed successfully
Task 2685 completed successfully
Task 2684 completed successfully
Task 2687 completed successfully
Task 2686 completed successfully
Task 2817 completed successfully
Task 2872 completed successfully
Task 2688 completed successfully
Task 2690 completed successfully
Task 2689 completed successfully
Task 2695 completed successfully
Task 2693 completed successfully
Task 2694 completed successfully
Task 2692 completed successfully
Task 2691 completed successfully
Task 2700 completed successfully
Task 2699 completed successfully
Task 2702 completed successfully
Task 2698 completed successfully
Task 2701 completed successfully
Task 2697 completed successfully
Task 2704 completed successfully
Task 2703 completed successfully
Task 2696 completed successfully
Task 2705 completed successfully
Task 2706 completed successfully
Task 2708 completed successfully
Task 2710 completed successfully
Task 2712 completed successfully
Task 2716 completed successfully
Task 2711 completed successfully
Task 2713 completed successfully
Task 2717 completed successfully
Task 2718 completed successfully
Task 2719 completed successfully
Task 2715 completed successfully
Task 2714 completed successfully
Task 2720 completed successfully
Task 2723 completed successfully
Task 2726 completed successfully
Task 2724 completed successfully
Task 2721 completed successfully
Task 2729 completed successfully
Task 2730 completed successfully
Task 2727 completed successfully
Task 2731 completed successfully
Task 2735 completed successfully
Task 2732 completed successfully
Task 2728 completed successfully
Task 2736 completed successfully
Task 2733 completed successfully
Task 2734 completed successfully
Task 2741 completed successfully
Task 2737 completed successfully
Task 2725 completed successfully
Task 2738 completed successfully
Task 2740 completed successfully
Task 2739 completed successfully
Task 2818 completed successfully
Task 2743 completed successfully
Task 2745 completed successfully
Task 2744 completed successfully
Task 2751 completed successfully
Task 2747 completed successfully
Task 2748 completed successfully
Task 2750 completed successfully
Task 2749 completed successfully
Task 2819 completed successfully
Task 2754 completed successfully
Task 2755 completed successfully
Task 2756 completed successfully
Task 2753 completed successfully
Task 2792 completed successfully
Task 2758 completed successfully
Task 2791 completed successfully
Task 2761 completed successfully
Task 2793 completed successfully
Task 2820 completed successfully
Task 2764 completed successfully
Task 2759 completed successfully
Task 2760 completed successfully
Task 2795 completed successfully
Task 2821 completed successfully
Task 2768 completed successfully
Task 2766 completed successfully
Task 2757 completed successfully
Task 2765 completed successfully
Task 2762 completed successfully
Task 2797 completed successfully
Task 2767 completed successfully
Task 2796 completed successfully
Task 2763 completed successfully
Task 2798 completed successfully
Task 2769 completed successfully
Task 2799 completed successfully
Task 2781 completed successfully
Task 2783 completed successfully
Task 2780 completed successfully
Task 2779 completed successfully
Task 2778 completed successfully
Task 2782 completed successfully
Task 2775 completed successfully
Task 2774 completed successfully
Task 2805 completed successfully
Task 2772 completed successfully
Task 2770 completed successfully
Task 2773 completed successfully
Task 2806 completed successfully
Task 2776 completed successfully
Task 2771 completed successfully
Task 2807 completed successfully
Task 2808 completed successfully
Task 2809 completed successfully
Task 2785 completed successfully
Task 2784 completed successfully
Task 2786 completed successfully
Task 2812 completed successfully
Task 2787 completed successfully
Task 2811 completed successfully
Task 2810 completed successfully
Task 2801 completed successfully
Task 2813 completed successfully
Task 2788 completed successfully
Task 2804 completed successfully
Task 2895 completed successfully
Task 2891 completed successfully
Task 2889 completed successfully
Task 2802 completed successfully
Task 2896 completed successfully
Task 2897 completed successfully
Task 2814 completed successfully
Task 2898 completed successfully
Task 2892 completed successfully
Task 2894 completed successfully
Task 2803 completed successfully
Task 2815 completed successfully
Task 2893 completed successfully
Task 2822 completed successfully
Task 2890 completed successfully
Task 2826 completed successfully
Task 2825 completed successfully
Task 2823 completed successfully
Task 2824 completed successfully
Task 2828 completed successfully
Task 2827 completed successfully
Task 2933 completed successfully
Task 2829 completed successfully
Task 2858 completed successfully
Task 2840 completed successfully
Task 2836 completed successfully
Task 2934 completed successfully
Task 2832 completed successfully
Task 2830 completed successfully
Task 2841 completed successfully
Task 2831 completed successfully
Task 2834 completed successfully
Task 2833 completed successfully
Task 2844 completed successfully
Task 2838 completed successfully
Task 2835 completed successfully
Task 2837 completed successfully
Task 2843 completed successfully
Task 2839 completed successfully
Task 2842 completed successfully
Task 2845 completed successfully
Task 2848 completed successfully
Task 2846 completed successfully
Task 2847 completed successfully
Task 2850 completed successfully
Task 2849 completed successfully
Task 2869 completed successfully
Task 2853 completed successfully
Task 2856 completed successfully
Task 2855 completed successfully
Task 2852 completed successfully
Task 2859 completed successfully
Task 2857 completed successfully
Task 2871 completed successfully
Task 2862 completed successfully
Task 2860 completed successfully
Task 2864 completed successfully
Task 2854 completed successfully
Task 2863 completed successfully
Task 2865 completed successfully
Task 2873 completed successfully
Task 2866 completed successfully
Task 2868 completed successfully
Task 2876 completed successfully
Task 2870 completed successfully
Task 2867 completed successfully
Task 2875 completed successfully
Task 2877 completed successfully
Task 2878 completed successfully
Task 2879 completed successfully
Task 2880 completed successfully
Task 2874 completed successfully
Task 2885 completed successfully
Task 2970 completed successfully
Task 2886 completed successfully
Task 2881 completed successfully
Task 2883 completed successfully
Task 2882 completed successfully
Task 2884 completed successfully
Task 2900 completed successfully
Task 2971 completed successfully
Task 2887 completed successfully
Task 2972 completed successfully
Task 2888 completed successfully
Task 2899 completed successfully
Task 2901 completed successfully
Task 2906 completed successfully
Task 2910 completed successfully
Task 2911 completed successfully
Task 2904 completed successfully
Task 2909 completed successfully
Task 2908 completed successfully
Task 2902 completed successfully
Task 2973 completed successfully
Task 2913 completed successfully
Task 2907 completed successfully
Task 2905 completed successfully
Task 2917 completed successfully
Task 2914 completed successfully
Task 2918 completed successfully
Task 2923 completed successfully
Task 2915 completed successfully
Processing script:  0
File with id 2685 contains no relevant sources
Processing script:  0
File with id 2710 contains no relevant sources
Processing script:  0
File with id 2736 contains no relevant sources
Processing script:  0
File with id 2756 contains no relevant sources
Processing script:  0
File with id 2798 contains no relevant sources
Processing script:  0
File with id 2810 contains no relevant sources
Processing script:  0
File with id 2822 contains no relevant sources
Processing script:  0
File with id 2835 contains no relevant sources
Processing script:  0
File with id 2856 contains no relevant sources
Processing script:  0
File with id 2873 contains no relevant sources
Processing script:  0
File with id 2883 contains no relevant sources
Processing script:  0
File with id 2906 contains no relevant sources
Processing script:  0
File with id 2919 contains no relevant sources
Processing script:  0
File with id 2986 contains no relevant sources
Processing script:  0
File with id 2989 contains no relevant sources
Processing script:  0
File with id 2941 contains no relevant sources
Processing script:  0
File with id 2951 contains no relevant sources
Processing script:  0
File with id 2957 contains no relevant sources
Processing script:  0
File with id 2967 contains no relevant sources
Processing script:  0
File with id 3038 contains no relevant sources
Processing script:  0
File with id 2999 contains no relevant sources
Processing script:  0
File with id 3013 contains no relevant sources
Processing script:  0
File with id 3022 contains no relevant sources
Processing script:  0
File with id 3030 contains no relevant sources
Processing script:  0
File with id 3036 contains no relevant sources
Processing script:  0
File with id 3070 contains no relevant sources
Processing script:  0
File with id 3053 contains no relevant sources
Processing script:  0
File with id 3060 contains no relevant sources
Processing script:  0
File with id 3067 contains no relevant sources
Processing script:  0
File with id 3078 contains no relevant sources
Processing script:  0
File with id 3085 contains no relevant sources
Processing script:  0
File with id 3089 contains no relevant sources
Processing script:  0
File with id 3093 contains no relevant sources
Script is from consent-o-matic
Script is from consent-o-matic
Processing script:  0
File with id 3112 contains no relevant sources
Processing script:  0
File with id 3117 contains no relevant sources
Script is from consent-o-matic
Processing script:  0
File with id 2676 contains no relevant sources
Processing script:  0
File with id 2700 contains no relevant sources
Processing script:  0
File with id 2724 contains no relevant sources
Processing script:  0
File with id 2748 contains no relevant sources
Processing script:  0
File with id 2764 contains no relevant sources
Processing script:  0
File with id 2782 contains no relevant sources
Script is from consent-o-matic
Processing script:  0
File with id 2815 contains no relevant sources
Script is from consent-o-matic
Processing script:  0
File with id 2848 contains no relevant sources
Processing script:  0
File with id 2862 contains no relevant sources
Processing script:  0
File with id 2879 contains no relevant sources
Processing script:  0
File with id 2900 contains no relevant sources
Processing script:  0
File with id 2911 contains no relevant sources
Processing script:  0
File with id 2918 contains no relevant sources
Script is from consent-o-matic
Processing script:  0
File with id 3006 contains no relevant sources
Processing script:  0
File with id 2947 contains no relevant sources
Processing script:  0
File with id 2956 contains no relevant sources
Processing script:  0
File with id 2974 contains no relevant sources
Processing script:  0
File with id 2985 contains no relevant sources
Processing script:  0
File with id 3002 contains no relevant sources
Processing script:  0
File with id 3012 contains no relevant sources
Processing script:  0
File with id 3017 contains no relevant sources
Processing script:  0
File with id 3023 contains no relevant sources
Processing script:  0
File with id 3046 contains no relevant sources
Script is from consent-o-matic
Processing script:  0
File with id 3045 contains no relevant sources
Processing script:  0
File with id 3052 contains no relevant sources
Processing script:  0
File with id 3057 contains no relevant sources
Processing script:  0
File with id 3064 contains no relevant sources
Processing script:  0
File with id 3074 contains no relevant sources
Processing script:  0
File with id 3081 contains no relevant sources
Processing script:  0
File with id 3088 contains no relevant sources
Script is from consent-o-matic
Processing script:  0
File with id 3101 contains no relevant sources
Processing script:  0
File with id 3107 contains no relevant sources
Processing script:  0
File with id 3114 contains no relevant sources
Processing script:  0
File with id 3119 contains no relevant sources
Processing script:  0
File with id 3125 contains no relevant sources
Script is from consent-o-matic
Processing script:  0
File with id 2672 contains no relevant sources
Processing script:  0
File with id 2696 contains no relevant sources
Script is from consent-o-matic
Processing script:  0
File with id 2755 contains no relevant sources
Processing script:  0
File with id 2797 contains no relevant sources
Processing script:  0
File with id 2806 contains no relevant sources
Processing script:  0
File with id 2814 contains no relevant sources
Processing script:  0
File with id 2934 contains no relevant sources
Processing script:  0
File with id 2847 contains no relevant sources
Processing script:  0
File with id 2864 contains no relevant sources
Processing script:  0
File with id 2970 contains no relevant sources
Script is from consent-o-matic
Processing script:  0
File with id 2926 contains no relevant sources
Processing script:  0
File with id 2991 contains no relevant sources
Processing script:  0
File with id 2942 contains no relevant sources
Processing script:  0
File with id 2952 contains no relevant sources
Processing script:  0
File with id 2964 contains no relevant sources
Script is from consent-o-matic
Processing script:  0
File with id 3001 contains no relevant sources
Processing script:  0
File with id 3015 contains no relevant sources
Processing script:  0
File with id 3028 contains no relevant sources
Script is from consent-o-matic
Processing script:  0
File with id 3049 contains no relevant sources
Processing script:  0
File with id 3059 contains no relevant sources
Script is from consent-o-matic
Processing script:  0
File with id 3076 contains no relevant sources
Processing script:  0
File with id 3083 contains no relevant sources
Processing script:  0
File with id 3092 contains no relevant sources
Processing script:  0
File with id 3097 contains no relevant sources
Processing script:  0
File with id 3103 contains no relevant sources
Script is from consent-o-matic
Processing script:  0
File with id 3116 contains no relevant sources
Processing script:  0
File with id 3123 contains no relevant sources
Processing script:  0
File with id 2667 contains no relevant sources
Processing script:  0
File with id 2693 contains no relevant sources
Processing script:  0
File with id 2720 contains no relevant sources
Processing script:  0
File with id 2738 contains no relevant sources
Processing script:  0
File with id 2795 contains no relevant sources
Processing script:  0
File with id 2771 contains no relevant sources
Processing script:  0
File with id 2890 contains no relevant sources
Processing script:  0
File with id 2837 contains no relevant sources
Processing script:  0
File with id 2857 contains no relevant sources
Processing script:  0
File with id 2877 contains no relevant sources
Processing script:  0
File with id 2972 contains no relevant sources
Processing script:  0
File with id 2973 contains no relevant sources
Processing script:  0
File with id 2924 contains no relevant sources
Processing script:  0
File with id 2990 contains no relevant sources
Processing script:  0
File with id 2943 contains no relevant sources
Processing script:  0
File with id 2954 contains no relevant sources
Processing script:  0
File with id 2963 contains no relevant sources
Processing script:  0
File with id 2978 contains no relevant sources
Processing script:  0
File with id 2996 contains no relevant sources
Processing script:  0
File with id 3007 contains no relevant sources
Processing script:  0
File with id 3018 contains no relevant sources
Processing script:  0
File with id 3024 contains no relevant sources
Processing script:  0
File with id 3032 contains no relevant sources
Script is from consent-o-matic
Processing script:  0
File with id 3051 contains no relevant sources
Processing script:  0
File with id 3058 contains no relevant sources
Processing script:  0
File with id 3077 contains no relevant sources
Processing script:  0
File with id 3086 contains no relevant sources
Processing script:  0
File with id 3090 contains no relevant sources
Processing script:  0
File with id 3095 contains no relevant sources
Processing script:  0
File with id 3099 contains no relevant sources
Script is from consent-o-matic
Script is from consent-o-matic
Processing script:  0
File with id 3118 contains no relevant sources
Processing script:  0
File with id 3127 contains no relevant sources
Processing script:  0
File with id 2679 contains no relevant sources
Processing script:  0
File with id 2702 contains no relevant sources
Processing script:  0
File with id 2726 contains no relevant sources
Processing script:  0
File with id 2747 contains no relevant sources
Script is from consent-o-matic
Processing script:  0
File with id 2809 contains no relevant sources
Processing script:  0
File with id 2893 contains no relevant sources
Processing script:  0
File with id 2834 contains no relevant sources
Processing script:  0
File with id 2869 contains no relevant sources
Processing script:  0
File with id 2865 contains no relevant sources
Processing script:  0
File with id 2881 contains no relevant sources
Script is from consent-o-matic
Script is from consent-o-matic
Processing script:  0
File with id 2992 contains no relevant sources
Processing script:  0
File with id 2944 contains no relevant sources
Processing script:  0
File with id 2953 contains no relevant sources
Processing script:  0
File with id 2962 contains no relevant sources
Script is from consent-o-matic
Processing script:  0
File with id 2998 contains no relevant sources
Processing script:  0
File with id 3009 contains no relevant sources
Processing script:  0
File with id 3021 contains no relevant sources
Script is from consent-o-matic
Script is from consent-o-matic
Script is from consent-o-matic
Processing script:  0
File with id 3050 contains no relevant sources
Processing script:  0
File with id 3056 contains no relevant sources
Processing script:  0
File with id 3072 contains no relevant sources
Processing script:  0
File with id 3068 contains no relevant sources
Processing script:  0
File with id 3080 contains no relevant sources
Script is from consent-o-matic
Script is from consent-o-matic
Script is from consent-o-matic
Processing script:  0
File with id 3106 contains no relevant sources
Script is from consent-o-matic
Processing script:  0
File with id 3115 contains no relevant sources
Script is from consent-o-matic
Script is from consent-o-matic
Processing script:  0
File with id 2817 contains no relevant sources
Processing script:  0
File with id 2714 contains no relevant sources
Processing script:  0
File with id 2744 contains no relevant sources
Script is from consent-o-matic
Processing script:  0
File with id 2779 contains no relevant sources
Processing script:  0
File with id 2803 contains no relevant sources
Processing script:  0
File with id 2836 contains no relevant sources
Processing script:  0
File with id 2849 contains no relevant sources
Processing script:  0
File with id 2866 contains no relevant sources
Processing script:  0
File with id 2884 contains no relevant sources
Processing script:  0
File with id 2910 contains no relevant sources
Processing script:  0
File with id 2917 contains no relevant sources
Script is from consent-o-matic
Script is from consent-o-matic
Processing script:  0
File with id 2945 contains no relevant sources
Processing script:  0
File with id 2959 contains no relevant sources
Processing script:  0
File with id 2977 contains no relevant sources
Processing script:  0
File with id 2983 contains no relevant sources
Processing script:  0
File with id 3003 contains no relevant sources
Processing script:  0
File with id 3011 contains no relevant sources
Processing script:  0
File with id 3020 contains no relevant sources
Script is from consent-o-matic
Script is from consent-o-matic
Processing script:  0
File with id 3043 contains no relevant sources
Processing script:  0
File with id 3055 contains no relevant sources
Processing script:  0
File with id 3061 contains no relevant sources
Processing script:  0
File with id 3066 contains no relevant sources
Processing script:  0
File with id 3082 contains no relevant sources
Processing script:  0
File with id 3087 contains no relevant sources
Script is from consent-o-matic
Processing script:  0
File with id 3096 contains no relevant sources
Script is from consent-o-matic
Processing script:  0
File with id 3109 contains no relevant sources
Processing script:  0
File with id 3113 contains no relevant sources
Processing script:  0
File with id 3121 contains no relevant sources
Processing script:  0
File with id 3128 contains no relevant sources
Processing script:  0
File with id 2669 contains no relevant sources
Processing script:  0
File with id 2692 contains no relevant sources
Processing script:  0
Unable to generate graph for url:  https://id.biltrewards.com/_next/static/chunks/836-d9eea09d6552580e.js
Processing script:  0
File with id 2681 contains no relevant sources
Processing script:  0
Unable to generate graph for url:  https://scripts.neuro-id.com/nid-adv-5.2.6.js
Processing script:  0
Unable to generate graph for url:  https://s2.go-mpulse.net/boomerang/HDRPA-4AAQB-KJJSR-AE3GP-DQKWL
Processing script:  0
Unable to generate graph for url:  https://www.cibconline.cibc.com/public/adfa16ce65e4df7e804a66207549e7a29d3d9a2e1327
Script is from consent-o-matic
Processing script:  0
File with id 2705 contains no relevant sources
Processing script:  0
File with id 2733 contains no relevant sources
Processing script:  0
File with id 2757 contains no relevant sources
Processing script:  0
File with id 2775 contains no relevant sources
Processing script:  0
File with id 2801 contains no relevant sources
Processing script:  0
File with id 2823 contains no relevant sources
Processing script:  0
File with id 2833 contains no relevant sources
Processing script:  0
File with id 2853 contains no relevant sources
Processing script:  0
File with id 2868 contains no relevant sources
Processing script:  0
File with id 2885 contains no relevant sources
Processing script:  0
File with id 2904 contains no relevant sources
Processing script:  0
Unable to generate graph for url:  https://nd.chime.com/2.2/w/w-749009/sync/js/
Script is from consent-o-matic
Processing script:  0
File with id 2704 contains no relevant sources
Script is from consent-o-matic
Script is from consent-o-matic
Processing script:  0
File with id 2762 contains no relevant sources
Processing script:  0
File with id 2805 contains no relevant sources
Processing script:  0
File with id 2787 contains no relevant sources
Processing script:  0
File with id 2898 contains no relevant sources
Processing script:  0
File with id 2829 contains no relevant sources
Processing script:  0
Unable to generate graph for url:  https://api-us-east-1.nd.nudatasecurity.com/2.2/w/w-252422/sync/js
Processing script:  0
Unable to generate graph for url:  https://www.cibconline.cibc.com/dypa/-nhQ/N/y/dpZw-zeA/h1kizVDLzhrhXu/UFoWMEI/QDB/6O0AIKl4
Processing script:  0
File with id 2663 contains no relevant sources
Processing script:  0
File with id 2689 contains no relevant sources
Processing script:  0
File with id 2718 contains no relevant sources
Processing script:  0
Unable to generate graph for url:  https://bcdn-f4e48049.we-stats.com/scripts/f4e48049/f4e48049ver2.js
Processing script:  0
File with id 2674 contains no relevant sources
Processing script:  0
File with id 2697 contains no relevant sources
Processing script:  0
File with id 2729 contains no relevant sources
Processing script:  0
File with id 2750 contains no relevant sources
Script is from consent-o-matic
Processing script:  0
File with id 2776 contains no relevant sources
Processing script:  0
File with id 2889 contains no relevant sources
Processing script:  0
File with id 2842 contains no relevant sources
Processing script:  0
File with id 2859 contains no relevant sources
Processing script:  0
File with id 2876 contains no relevant sources
Processing script:  0
File with id 2886 contains no relevant sources
Processing script:  0
File with id 2909 contains no relevant sources
Processing script:  0
File with id 2921 contains no relevant sources
Processing script:  0
Unable to generate graph for url:  https://www1.biz-ebanking.hangseng.com/portalserver/static/features/%5BBBHOST%5D/hase-dbb-portal-pilot/static/js/4.b5387724.chunk.js
Processing script:  0
File with id 2671 contains no relevant sources
Processing script:  0
File with id 2695 contains no relevant sources
Processing script:  0
File with id 2719 contains no relevant sources
Processing script:  0
File with id 2818 contains no relevant sources
Processing script:  0
File with id 2821 contains no relevant sources
Processing script:  0
File with id 2772 contains no relevant sources
Processing script:  0
File with id 2804 contains no relevant sources
Processing script:  0
File with id 2826 contains no relevant sources
Processing script:  0
File with id 2838 contains no relevant sources
Processing script:  0
File with id 2855 contains no relevant sources
Processing script:  0
File with id 2874 contains no relevant sources
Script is from consent-o-matic
Processing script:  0
File with id 2923 contains no relevant sources
Processing script:  0
Unable to generate graph for url:  https://app.chime.com/_next/static/chunks/pages/_app-148834b0c7e8c254.js
Script is from consent-o-matic
Processing script:  0
File with id 2708 contains no relevant sources
Script is from consent-o-matic
Processing script:  0
File with id 2753 contains no relevant sources
Processing script:  0
File with id 2799 contains no relevant sources
Processing script:  0
File with id 2812 contains no relevant sources
Processing script:  0
File with id 2897 contains no relevant sources
Processing script:  0
File with id 2933 contains no relevant sources
Processing script:  0
Unable to generate graph for url:  https://interactivefidemo.nudatasecurity.com/static/js/bundle.js
Processing script:  0
Unable to generate graph for url:  https://assets.adobedtm.com/986cf825ecbc/7a9f9c9eb143/launch-9227e1c55116.min.js
Script is from consent-o-matic
Processing script:  0
File with id 2703 contains no relevant sources
Processing script:  0
File with id 2731 contains no relevant sources
Processing script:  0
File with id 2819 contains no relevant sources
Processing script:  0
File with id 2767 contains no relevant sources
Processing script:  0
File with id 2807 contains no relevant sources
Processing script:  0
File with id 2891 contains no relevant sources
Processing script:  0
File with id 2828 contains no relevant sources
Processing script:  0
File with id 2843 contains no relevant sources
Processing script:  0
File with id 2870 contains no relevant sources
Processing script:  0
File with id 2887 contains no relevant sources
Processing script:  0
File with id 2913 contains no relevant sources
Processing script:  0
File with id 2928 contains no relevant sources
Processing script:  0
File with id 2937 contains no relevant sources
Processing script:  0
File with id 2946 contains no relevant sources
Processing script:  0
File with id 2968 contains no relevant sources
Processing script:  0
File with id 2966 contains no relevant sources
Processing script:  0
File with id 2982 contains no relevant sources
Processing script:  0
Unable to generate graph for url:  https://tags.tiqcdn.com/utag/hsbc/hk-cmb-hangseng-ib/prod/utag.327.js?utv=ut4.51.202202230956
Script is from consent-o-matic
Processing script:  0
Unable to generate graph for url:  https://id.biltrewards.com/_next/static/chunks/2c4d24dc-4a9a909f4445b8d6.js
Processing script:  0
File with id 2789 contains no relevant sources
Processing script:  0
File with id 2706 contains no relevant sources
Processing script:  0
File with id 2734 contains no relevant sources
Processing script:  0
File with id 2758 contains no relevant sources
Processing script:  0
Unable to generate graph for url:  https://bcdn-f4e48049.we-stats.com/scripts/f4e48049/f4e48049ver2.js
Processing script:  0
File with id 2677 contains no relevant sources
Processing script:  0
File with id 2701 contains no relevant sources
Processing script:  0
File with id 2728 contains no relevant sources
Processing script:  0
File with id 2754 contains no relevant sources
Script is from consent-o-matic
Script is from consent-o-matic
Script is from consent-o-matic
Processing script:  0
File with id 2824 contains no relevant sources
Processing script:  0
File with id 2841 contains no relevant sources
Processing script:  0
Unable to generate graph for url:  https://banco.itau.co/documents/d/global/6ba63f79
Processing script:  0
File with id 2684 contains no relevant sources
Processing script:  0
File with id 2711 contains no relevant sources
Processing script:  0
File with id 2739 contains no relevant sources
Processing script:  0
File with id 2820 contains no relevant sources
Processing script:  0
File with id 2781 contains no relevant sources
Processing script:  0
File with id 2784 contains no relevant sources
Processing script:  0
File with id 2895 contains no relevant sources
Processing script:  0
File with id 2827 contains no relevant sources
Processing script:  0
File with id 2844 contains no relevant sources
Processing script:  0
File with id 2854 contains no relevant sources
Processing script:  0
File with id 2880 contains no relevant sources
Processing script:  0
File with id 2901 contains no relevant sources
Script is from consent-o-matic
Processing script:  0
File with id 2987 contains no relevant sources
Processing script:  0
File with id 2940 contains no relevant sources
Processing script:  0
File with id 3026 contains no relevant sources
Processing script:  0
File with id 2955 contains no relevant sources
Processing script:  0
File with id 2969 contains no relevant sources
Script is from consent-o-matic
Processing script:  0
File with id 3004 contains no relevant sources
Processing script:  0
File with id 3010 contains no relevant sources
Processing script:  0
File with id 3019 contains no relevant sources
Processing script:  0
File with id 3027 contains no relevant sources
Processing script:  0
File with id 3034 contains no relevant sources
Processing script:  0
File with id 3041 contains no relevant sources
Processing script:  0
File with id 3048 contains no relevant sources
Processing script:  0
File with id 3054 contains no relevant sources
Processing script:  0
File with id 3062 contains no relevant sources
Processing script:  0
File with id 3069 contains no relevant sources
Processing script:  0
Unable to generate graph for url:  https://www.citi.com/assets/scripts/global/6c8322c7341eac98645c10e3d1d3c7ae.js?seed=AIAqAZWQAQAA7ClKjJHJpSpY_K_vuBHDH_KpSIRVYDIE4779tEmjgucDYT44&X-soz9htCz--z=q
Script is from consent-o-matic
Processing script:  0
File with id 2688 contains no relevant sources
Processing script:  0
File with id 2716 contains no relevant sources
Processing script:  0
File with id 2745 contains no relevant sources
Script is from consent-o-matic
Script is from consent-o-matic
Script is from consent-o-matic
Processing script:  0
File with id 2825 contains no relevant sources
Processing script:  0
File with id 2839 contains no relevant sources
Processing script:  0
File with id 2871 contains no relevant sources
Processing script:  0
File with id 2878 contains no relevant sources
Script is from consent-o-matic
Processing script:  0
File with id 2915 contains no relevant sources
Processing script:  0
File with id 2932 contains no relevant sources
Processing script:  0
File with id 2939 contains no relevant sources
Processing script:  0
File with id 2950 contains no relevant sources
Processing script:  0
File with id 2958 contains no relevant sources
Processing script:  0
File with id 2965 contains no relevant sources
Script is from consent-o-matic
Processing script:  0
File with id 2994 contains no relevant sources
Processing script:  0
File with id 3008 contains no relevant sources
Processing script:  0
File with id 3016 contains no relevant sources
Processing script:  0
File with id 3025 contains no relevant sources
Processing script:  0
File with id 3039 contains no relevant sources
Script is from consent-o-matic
Processing script:  0
File with id 3071 contains no relevant sources
Processing script:  0
File with id 3063 contains no relevant sources
Processing script:  0
File with id 3065 contains no relevant sources
Processing script:  0
File with id 3075 contains no relevant sources
Processing script:  0
Unable to generate graph for url:  https://www.citi.com/spC4S_tNopXzzqmGwLNGNIK8wYA/3ff1D6zLtNJkuJ/IDZSAQ/XSw5UR/59dAYB
Processing script:  0
File with id 2668 contains no relevant sources
Processing script:  0
File with id 2691 contains no relevant sources
Script is from consent-o-matic
Processing script:  0
Unable to generate graph for url:  https://internetbanking.tsb.co.uk/personal/logon/login/static/private/dep_releases/release0.4.min.js?v=4.0
Processing script:  0
File with id 2670 contains no relevant sources
Processing script:  0
File with id 2694 contains no relevant sources
Processing script:  0
File with id 2721 contains no relevant sources
Processing script:  0
File with id 2749 contains no relevant sources
Processing script:  0
File with id 2766 contains no relevant sources
Script is from consent-o-matic
Processing script:  0
File with id 2786 contains no relevant sources
Processing script:  0
File with id 2896 contains no relevant sources
Processing script:  0
File with id 2858 contains no relevant sources
Script is from consent-o-matic
Processing script:  0
File with id 2860 contains no relevant sources
Processing script:  0
Unable to generate graph for url:  https://www.knotch-cdn.com/ktag/latest/ktag.min.js?accountId=89554c98-4105-4354-b139-77e62701743b
Processing script:  0
File with id 2690 contains no relevant sources
Processing script:  0
File with id 2717 contains no relevant sources
Processing script:  0
File with id 2740 contains no relevant sources
Processing script:  0
File with id 2796 contains no relevant sources
Processing script:  0
File with id 2808 contains no relevant sources
Processing script:  0
File with id 2892 contains no relevant sources
Processing script:  0
File with id 2830 contains no relevant sources
Processing script:  0
File with id 2850 contains no relevant sources
Processing script:  0
File with id 2867 contains no relevant sources
Processing script:  0
File with id 2888 contains no relevant sources
Processing script:  0
File with id 2914 contains no relevant sources
Processing script:  0
File with id 2930 contains no relevant sources
Processing script:  0
File with id 2936 contains no relevant sources
Processing script:  0
File with id 2948 contains no relevant sources
Processing script:  0
File with id 2961 contains no relevant sources
Processing script:  0
File with id 2975 contains no relevant sources
Processing script:  0
File with id 2995 contains no relevant sources
Processing script:  0
File with id 3005 contains no relevant sources
Processing script:  0
Unable to generate graph for url:  https://lptag.liveperson.net/lptag/api/account/86597351/configuration/applications/taglets/.jsonp?v=2.0&df=undefined&s=www1.biz-ebanking.hangseng.com_portalserver_hase-gbb-prelogon_logon&b=undefined
Processing script:  0
File with id 2660 contains no relevant sources
Processing script:  0
File with id 2872 contains no relevant sources
Processing script:  0
File with id 2715 contains no relevant sources
Processing script:  0
File with id 2743 contains no relevant sources
Processing script:  0
File with id 2759 contains no relevant sources
Processing script:  0
File with id 2783 contains no relevant sources
Processing script:  0
File with id 2785 contains no relevant sources
Processing script:  0
File with id 2894 contains no relevant sources
Processing script:  0
File with id 2831 contains no relevant sources
Processing script:  0
File with id 2852 contains no relevant sources
Processing script:  0
File with id 2875 contains no relevant sources
Processing script:  0
File with id 2971 contains no relevant sources
Processing script:  0
Unable to generate graph for url:  https://app.chime.com/_next/static/chunks/framework-b9b262e39597e8cd.js
Script is from consent-o-matic
Processing script:  0
File with id 2713 contains no relevant sources
Processing script:  0
File with id 2737 contains no relevant sources
Processing script:  0
File with id 2792 contains no relevant sources
Processing script:  0
File with id 2769 contains no relevant sources
Processing script:  0
Unable to generate graph for url:  https://internetbanking.tsb.co.uk/personal/logon/login/static/private/dep_releases/release0.4.min.js?v=4.0
Processing script:  0
File with id 2687 contains no relevant sources
Processing script:  0
File with id 2712 contains no relevant sources
Processing script:  0
File with id 2741 contains no relevant sources
Processing script:  0
File with id 2791 contains no relevant sources
Processing script:  0
File with id 2778 contains no relevant sources
Processing script:  0
Unable to generate graph for url:  https://internetbanking.tsb.co.uk/ruxitagentjs_ICANQVfghqrux_10293240614115956.js
Processing script:  0
File with id 2675 contains no relevant sources
Processing script:  0
File with id 2698 contains no relevant sources
Processing script:  0
File with id 2727 contains no relevant sources
Processing script:  0
Unable to generate graph for url:  https://internetbanking.tsb.co.uk/ruxitagentjs_ICANQVfghqrux_10293240614115956.js
Processing script:  0
File with id 2673 contains no relevant sources
Script is from consent-o-matic
Processing script:  0
File with id 2725 contains no relevant sources
Processing script:  0
File with id 2793 contains no relevant sources
Script is from consent-o-matic
Processing script:  0
File with id 2802 contains no relevant sources
Processing script:  0
File with id 2840 contains no relevant sources
Processing script:  0
File with id 2846 contains no relevant sources
Processing script:  0
File with id 2863 contains no relevant sources
Processing script:  0
File with id 2882 contains no relevant sources
Processing script:  0
File with id 2908 contains no relevant sources
Processing script:  0
File with id 2922 contains no relevant sources
Processing script:  0
File with id 2938 contains no relevant sources
Processing script:  0
File with id 2949 contains no relevant sources
Processing script:  0
File with id 2960 contains no relevant sources
Processing script:  0
File with id 2976 contains no relevant sources
Processing script:  0
Unable to generate graph for url:  https://www1.biz-ebanking.hangseng.com/portalserver/static/features/%5BBBHOST%5D/hase-dbb-portal-pilot/static/js/adrum/adrum.js
Task 2919 completed successfully
Task 2916 completed successfully
Task 2921 completed successfully
Task 2922 completed successfully
Task 2924 completed successfully
Task 2926 completed successfully
Task 2925 completed successfully
Task 2929 completed successfully
Task 2931 completed successfully
Task 2930 completed successfully
Task 2928 completed successfully
Task 2986 completed successfully
Task 2987 completed successfully
Task 2932 completed successfully
Task 2989 completed successfully
Task 2991 completed successfully
Task 2990 completed successfully
Task 2992 completed successfully
Task 2993 completed successfully
Task 2937 completed successfully
Task 3006 completed successfully
Task 2936 completed successfully
Task 2938 completed successfully
Task 2940 completed successfully
Task 2939 completed successfully
Task 2941 completed successfully
Task 2942 completed successfully
Task 2944 completed successfully
Task 2943 completed successfully
Task 3026 completed successfully
Task 2947 completed successfully
Task 2946 completed successfully
Task 2951 completed successfully
Task 2950 completed successfully
Task 2945 completed successfully
Task 2949 completed successfully
Task 2948 completed successfully
Task 2953 completed successfully
Task 2954 completed successfully
Task 2952 completed successfully
Task 2958 completed successfully
Task 2968 completed successfully
Task 2957 completed successfully
Task 2955 completed successfully
Task 2960 completed successfully
Task 2956 completed successfully
Task 2961 completed successfully
Task 2959 completed successfully
Task 2963 completed successfully
Task 2965 completed successfully
Task 2962 completed successfully
Task 2967 completed successfully
Task 2964 completed successfully
Task 2966 completed successfully
Task 2977 completed successfully
Task 2969 completed successfully
Task 2974 completed successfully
Task 2979 completed successfully
Task 2975 completed successfully
Task 2978 completed successfully
Task 2982 completed successfully
Task 2980 completed successfully
Task 3038 completed successfully
Task 2976 completed successfully
Task 2981 completed successfully
Task 2985 completed successfully
Task 2983 completed successfully
Task 2984 completed successfully
Task 2995 completed successfully
Task 2996 completed successfully
Task 2994 completed successfully
Task 2998 completed successfully
Task 3004 completed successfully
Task 3003 completed successfully
Task 3002 completed successfully
Task 2999 completed successfully
Task 3005 completed successfully
Task 3001 completed successfully
Task 3008 completed successfully
Task 3012 completed successfully
Task 3007 completed successfully
Task 3010 completed successfully
Task 3011 completed successfully
Task 3009 completed successfully
Task 3013 completed successfully
Task 3017 completed successfully
Task 3018 completed successfully
Task 3016 completed successfully
Task 3019 completed successfully
Task 3015 completed successfully
Task 3020 completed successfully
Task 3022 completed successfully
Task 3021 completed successfully
Task 3023 completed successfully
Task 3024 completed successfully
Task 3029 completed successfully
Task 3027 completed successfully
Task 3028 completed successfully
Task 3030 completed successfully
Task 3031 completed successfully
Task 3025 completed successfully
Task 3046 completed successfully
Task 3034 completed successfully
Task 3033 completed successfully
Task 3032 completed successfully
Task 3037 completed successfully
Task 3040 completed successfully
Task 3036 completed successfully
Task 3039 completed successfully
Task 3041 completed successfully
Task 3035 completed successfully
Task 3044 completed successfully
Task 3042 completed successfully
Task 3045 completed successfully
Task 3070 completed successfully
Task 3048 completed successfully
Task 3043 completed successfully
Task 3047 completed successfully
Task 3050 completed successfully
Task 3052 completed successfully
Task 3051 completed successfully
Task 3049 completed successfully
Task 3053 completed successfully
Task 3055 completed successfully
Task 3054 completed successfully
Task 3056 completed successfully
Task 3071 completed successfully
Task 3057 completed successfully
Task 3063 completed successfully
Task 3061 completed successfully
Task 3060 completed successfully
Task 3072 completed successfully
Task 3062 completed successfully
Task 3059 completed successfully
Task 3064 completed successfully
Task 3065 completed successfully
Task 3073 completed successfully
Task 3058 completed successfully
Task 3067 completed successfully
Task 3069 completed successfully
Task 3068 completed successfully
Task 3074 completed successfully
Task 3066 completed successfully
Task 3075 completed successfully
Task 3076 completed successfully
Task 3078 completed successfully
Task 3080 completed successfully
Task 3077 completed successfully
Task 3082 completed successfully
Task 3081 completed successfully
Task 3085 completed successfully
Task 3086 completed successfully
Task 3087 completed successfully
Task 3083 completed successfully
Task 3088 completed successfully
Task 3089 completed successfully
Task 3120 completed successfully
Task 3090 completed successfully
Task 3091 completed successfully
Task 3092 completed successfully
Task 3093 completed successfully
Task 3095 completed successfully
Task 3126 completed successfully
Task 3094 completed successfully
Task 3096 completed successfully
Task 3097 completed successfully
Task 3098 completed successfully
Task 3099 completed successfully
Task 3100 completed successfully
Task 3101 completed successfully
Task 3103 completed successfully
Task 3102 completed successfully
Task 3105 completed successfully
Task 3106 completed successfully
Task 3104 completed successfully
Task 3109 completed successfully
Task 3107 completed successfully
Task 3111 completed successfully
Task 3108 completed successfully
Task 3112 completed successfully
Task 3110 completed successfully
Task 3114 completed successfully
Task 3113 completed successfully
Task 3115 completed successfully
Task 3116 completed successfully
Task 3117 completed successfully
Task 3119 completed successfully
Task 3118 completed successfully
Task 3121 completed successfully
Task 3122 completed successfully
Task 3124 completed successfully
Task 3125 completed successfully
Task 3123 completed successfully
Task 3127 completed successfully
Task 3129 completed successfully
Task 3128 completed successfully
Task 2722 completed successfully
Task 2707 completed successfully
Task 2680 completed successfully
Task 2920 completed successfully
Task 2664 completed successfully
Task 2903 completed successfully
Task 2665 completed successfully
Task 2861 completed successfully
Task 2742 completed successfully
Task 2988 completed successfully
Task 2927 completed successfully
Task 2666 completed successfully
Task 2997 completed successfully
Task 2709 completed successfully
Task 2777 completed successfully
Task 2851 completed successfully
Task 3079 completed successfully
Task 3084 completed successfully
Task 2746 completed successfully
Task 2935 completed successfully
Task 3014 completed successfully
Task 2912 completed successfully
Task 2800 completed successfully
Task 2752 completed successfully
Task 2794 completed successfully
Task 3000 completed successfully
