Connected to the database.
Processing script:  0
File with id 1294 contains no relevant sources
Processing script:  1
File with id 1305 contains no relevant sources
Processing script:  2
File with id 1306 contains no relevant sources
Processing script:  3
File with id 1295 contains no relevant sources
Processing script:  4
File with id 1296 contains no relevant sources
Processing script:  5
File with id 1297 contains no relevant sources
Processing script:  6
File with id 1298 contains no relevant sources
Processing script:  7
File with id 1299 contains no relevant sources
Processing script:  8
File with id 1300 contains no relevant sources
Processing script:  9
File with id 1301 contains no relevant sources
Processing script:  10
Script at url: https://api-us-east-1.nd.nudatasecurity.com/2.2/w/w-252422/sync/js calls behavioral(31) and browser fingerprint APIs(25)
Mouse APIs:  5
Pointer APIs:  4
Wheel APIs:  0
Keyboard APIs:  5
Touch APIs:  5
Focus APIs:  2
Copy APIs:  0
Orientaton APIs: 1
Motion APIs:  9
Sink Data found at url: https://api-us-east-1.nd.nudatasecurity.com/2.2/w/w-252422/sync/js calls behavioral(31) and browser fingerprint APIs(25)
Mouse APIs:  5
Pointer APIs:  4
Wheel APIs:  0
Keyboard APIs:  5
Touch APIs:  5
Focus APIs:  2
Copy APIs:  0
Orientaton APIs: 1
Motion APIs:  9
Data may fall to the following sinks ['HTMLInputElement.value', 'Window.localStorage', 'HTMLScriptElement.setAttribute']
Processing script:  11
Script at url: https://interactivefidemo.nudatasecurity.com/static/js/bundle.js calls behavioral(51) and browser fingerprint APIs(2)
Mouse APIs:  17
Pointer APIs:  16
Wheel APIs:  2
Keyboard APIs:  12
Touch APIs:  3
Focus APIs:  1
Copy APIs:  0
Orientaton APIs: 0
Motion APIs:  0
Unable to generate graph for url:  https://interactivefidemo.nudatasecurity.com/static/js/bundle.js
Processing script:  12
File with id 1304 contains no relevant sources
Processing script:  13
File with id 1307 contains no relevant sources
Processing script:  14
File with id 1308 contains no relevant sources
Processing script:  15
File with id 1309 contains no relevant sources
Processing script:  16
File with id 1310 contains no relevant sources
Processing script:  17
File with id 1311 contains no relevant sources
Processing script:  18
File with id 1312 contains no relevant sources
Processing script:  19
File with id 1313 contains no relevant sources
Processing script:  20
File with id 1314 contains no relevant sources
Processing script:  21
File with id 1315 contains no relevant sources
Processing script:  22
File with id 1316 contains no relevant sources
Sus scripts:  ['https://api-us-east-1.nd.nudatasecurity.com/2.2/w/w-252422/sync/js', 'https://interactivefidemo.nudatasecurity.com/static/js/bundle.js']
Confirmed scripts:  ['https://api-us-east-1.nd.nudatasecurity.com/2.2/w/w-252422/sync/js']
